<?xml version="1.0" encoding="UTF-8"?>
<!-- Generated by org.testng.reporters.JUnitReportReporter -->
<testsuite hostname="LAPTOP-IOBU0KIJ" failures="0" tests="1" name="testcases.TC002_ToVerifyLoginWithValidCredential" time="1.846" errors="0" timestamp="2024-10-23T11:47:29 AEDT" skipped="0">
  <testcase classname="testcases.TC002_ToVerifyLoginWithValidCredential" name="loginTestWithValidCredential" time="1.846"/>
</testsuite> <!-- testcases.TC002_ToVerifyLoginWithValidCredential -->
