<?xml version="1.0" encoding="UTF-8"?>
<!-- Generated by org.testng.reporters.JUnitReportReporter -->
<testsuite hostname="LAPTOP-IOBU0KIJ" failures="0" tests="1" name="testcases.TC001_ToVerifyMakeAppointmentButtonOnHomePage" time="2.224" errors="0" timestamp="2024-10-23T11:47:29 AEDT" skipped="0">
  <testcase classname="testcases.TC001_ToVerifyMakeAppointmentButtonOnHomePage" name="testToverifymakeAppointmentButton" time="2.224"/>
</testsuite> <!-- testcases.TC001_ToVerifyMakeAppointmentButtonOnHomePage -->
